c:\users\user\desktop\rabotai\rabotai\debug\vc142.pdb
c:\users\user\desktop\rabotai\rabotai\debug\vc142.idb
c:\users\user\desktop\rabotai\rabotai\debug\main.obj
c:\users\user\desktop\rabotai\debug\rabotai.exe
c:\users\user\desktop\rabotai\rabotai\debug\rabotai.ilk
c:\users\user\desktop\rabotai\debug\rabotai.pdb
c:\users\user\desktop\rabotai\rabotai\debug\resource.res
c:\users\user\desktop\программирование\rabotai\rabotai\debug\main.obj
c:\users\user\desktop\программирование\rabotai\rabotai\debug\rabotai.ilk
c:\users\user\desktop\программирование\rabotai\rabotai\debug\resource.res
c:\users\user\desktop\программирование\rabotai\rabotai\debug\vc142.idb
c:\users\user\desktop\программирование\rabotai\rabotai\debug\vc142.pdb
c:\users\user\desktop\программирование\rabotai\debug\rabotai.pdb
c:\users\user\desktop\программирование\rabotai\debug\rabotai.exe
c:\users\user\desktop\программирование\rabotai\rabotai\debug\rabotai.tlog\cl.command.1.tlog
c:\users\user\desktop\программирование\rabotai\rabotai\debug\rabotai.tlog\cl.read.1.tlog
c:\users\user\desktop\программирование\rabotai\rabotai\debug\rabotai.tlog\cl.write.1.tlog
c:\users\user\desktop\программирование\rabotai\rabotai\debug\rabotai.tlog\link.command.1.tlog
c:\users\user\desktop\программирование\rabotai\rabotai\debug\rabotai.tlog\link.read.1.tlog
c:\users\user\desktop\программирование\rabotai\rabotai\debug\rabotai.tlog\link.write.1.tlog
c:\users\user\desktop\программирование\rabotai\rabotai\debug\rabotai.tlog\rc.command.1.tlog
c:\users\user\desktop\программирование\rabotai\rabotai\debug\rabotai.tlog\rc.read.1.tlog
c:\users\user\desktop\программирование\rabotai\rabotai\debug\rabotai.tlog\rc.write.1.tlog
